<?xml version="1.0" encoding="UTF-8"?>
<!-- Generated by org.testng.reporters.JUnitXMLReporter -->
<testsuite ignored="0" hostname="US-IT01890" failures="0" tests="5" name="Surefire test" time="3.041" errors="0" timestamp="2022-05-31T17:57:46 EDT">
  <testcase classname="spotify.PlaylistTests" name="ShouldNotBeAbleToCreatePlaylistWithExpiredToken" time="2.259"/>
  <testcase classname="spotify.PlaylistTests" name="ShouldNotBeAbleToCreatePlaylistWithOutName" time="2.819"/>
  <testcase classname="spotify.PlaylistTests" name="ShouldBeAbleToUpdatePlaylist" time="2.867"/>
  <testcase classname="spotify.PlaylistTests" name="ShouldBeAbleToGetPlayList" time="2.887"/>
  <testcase classname="spotify.PlaylistTests" name="ShouldBeAbleToCreatePlaylist" time="2.928"/>
</testsuite> <!-- Surefire test -->
