<?xml version="1.0" encoding="UTF-8"?>
<testsuite xmlns:xsi="http://www.w3.org/2001/XMLSchema-instance" xsi:noNamespaceSchemaLocation="https://maven.apache.org/surefire/maven-surefire-plugin/xsd/surefire-test-report-3.0.xsd" version="3.0" name="spotify.PlaylistTests" time="3.705" tests="5" errors="0" skipped="0" failures="0">
  <properties>
[...]
</properties>
  <testcase name="ShouldNotBeAbleToCreatePlaylistWithExpiredToken" classname="spotify.PlaylistTests" time="2.262">
    <system-out><![CDATA[Starting test: ShouldBeAbleToUpdatePlaylist
Starting test: ShouldBeAbleToCreatePlaylist
Starting test: ShouldNotBeAbleToCreatePlaylistWithExpiredToken
Thread id: TestNG-test=Surefire test-1
Thread id: TestNG-test=Surefire test-3
Thread id: TestNG-test=Surefire test-4
Starting test: ShouldBeAbleToGetPlayList
Thread id: TestNG-test=Surefire test-2
Starting test: ShouldNotBeAbleToCreatePlaylistWithOutName
Thread id: TestNG-test=Surefire test-5

Renewing token ....
Request method:	POST
Request URI:	https://accounts.spotify.com/api/token
Proxy:			<none>
Request params:	<none>
Query params:	<none>
Form params:	refresh_token=AQBtF6VRio5gPOCBSdhiR3Qzn7FoTGwQHewZniLFeOn132TbW27YMke-NdOtNZ2J1clOLmylsvruE0I2iIb33gKYq-jv9RVphlfZNwq8WPOZBgGrSO2Htpv-xBjuWMcnDJY
				grant_type=refresh_token
				client_secret=da5471af51a246d1b5a516592d299e2c
				client_id=1f71f4f218744df4804caa2d4c352656
Path params:	<none>
Headers:		Accept=*/*
				Content-Type=application/x-www-form-urlencoded; charset=ISO-8859-1
Cookies:		<none>
Multiparts:		<none>
Body:			<none>
Request method:	POST
Request URI:	https://accounts.spotify.com/api/token
Proxy:			<none>
Request params:	<none>
Query params:	<none>
Form params:	refresh_token=AQBtF6VRio5gPOCBSdhiR3Qzn7FoTGwQHewZniLFeOn132TbW27YMke-NdOtNZ2J1clOLmylsvruE0I2iIb33gKYq-jv9RVphlfZNwq8WPOZBgGrSO2Htpv-xBjuWMcnDJY
				grant_type=refresh_token
				client_secret=da5471af51a246d1b5a516592d299e2c
				client_id=1f71f4f218744df4804caa2d4c352656
Path params:	<none>
Headers:		Accept=*/*
				Content-Type=application/x-www-form-urlencoded; charset=ISO-8859-1
Cookies:		<none>
Multiparts:		<none>
Body:			<none>
Request method:	POST
Request URI:	https://api.spotify.com/v1/users/rodrigo1.fontan/playlists
Proxy:			<none>
Request params:	<none>
Query params:	<none>
Form params:	<none>
Path params:	<none>
Headers:		Accept=*/*
				Content-Type=text/plain; charset=ISO-8859-1
Cookies:		<none>
Multiparts:		<none>
Body:
{"description":"Test","name":"Error Tests","public":false}
HTTP/1.1 401 Unauthorized
www-authenticate: Bearer realm="spotify", error="invalid_token", error_description="Invalid access token"
access-control-allow-origin: *
access-control-allow-headers: Accept, App-Platform, Authorization, Content-Type, Origin, Retry-After, Spotify-App-Version, X-Cloud-Trace-Context, client-token, content-access-token
access-control-allow-methods: GET, POST, OPTIONS, PUT, DELETE, PATCH
access-control-allow-credentials: true
access-control-max-age: 604800
content-type: application/json
content-encoding: gzip
strict-transport-security: max-age=31536000
x-content-type-options: nosniff
date: Tue, 31 May 2022 21:57:45 GMT
server: envoy
Via: HTTP/2 edgeproxy, 1.1 google
Alt-Svc: h3=":443"; ma=2592000,h3-29=":443"; ma=2592000
Transfer-Encoding: chunked

{
    "error": {
        "status": 401,
        "message": "Invalid access token"
    }
}
HTTP/1.1 200 OK
date: Tue, 31 May 2022 21:57:45 GMT
content-type: application/json
vary: Accept-Encoding
set-cookie: __Host-device_id=AQAi8UKmo_3FSQM-_T_3CL269UxhZIz16HL2gVSL2dobIjLdQKCxNKNcao5YWRhEkdd_Y0YkjURjOBm-EPJ0AgVNpmMKP4sFvNE;Version=1;Path=/;Max-Age=2147483647;Secure;HttpOnly;SameSite=Lax
set-cookie: sp_tr=false;Version=1;Domain=accounts.spotify.com;Path=/;Secure;SameSite=Lax
sp-trace-id: 0421ac54c386574c
content-encoding: gzip
strict-transport-security: max-age=31536000
x-content-type-options: nosniff
server: envoy
Via: HTTP/2 edgeproxy, 1.1 google
Alt-Svc: h3=":443"; ma=2592000,h3-29=":443"; ma=2592000
Transfer-Encoding: chunked

{
    "access_token": "BQBWOOgRf5jiXFbdpbpJkgFbhHxzcRl46K7B8BJaLk2eiBgl9bhbkml3LNufLjUZsOGD3UwU7vbUziO6Xonei9Z6cJOCkeM0MHBeiqXknr0N-7NYCIsLx_GkjZfyxH2NLxYz4EOnpjcHoEqMI4RLSf9OONRKYwuXBmiFjYnu2T2W_3blqzi4MxomabnJmEaG6rhQKa_cHIMSISoz4OSeFNnGLdhIqDI",
    "token_type": "Bearer",
    "expires_in": 3600,
    "scope": "playlist-read-private playlist-read-collaborative playlist-modify-private playlist-modify-public"
}
]]></system-out>
    <system-err><![CDATA[SLF4J: Failed to load class "org.slf4j.impl.StaticLoggerBinder".
SLF4J: Defaulting to no-operation (NOP) logger implementation
SLF4J: See http://www.slf4j.org/codes.html#StaticLoggerBinder for further details.
]]></system-err>
  </testcase>
  <testcase name="ShouldNotBeAbleToCreatePlaylistWithOutName" classname="spotify.PlaylistTests" time="2.819">
    <system-out><![CDATA[Token is good
Token is good
Token is good
Request method:	GET
Request URI:	https://api.spotify.com/v1/users/rodrigo1.fontan/playlists/6nEOpqKuXt63G8ZggGypcU
Proxy:			<none>
Request params:	<none>
Query params:	<none>
Form params:	<none>
Path params:	<none>
Headers:		Accept=*/*
Cookies:		<none>
Multiparts:		<none>
Body:			<none>
Request method:	POST
Request URI:	https://api.spotify.com/v1/users/rodrigo1.fontan/playlists
Proxy:			<none>
Request params:	<none>
Query params:	<none>
Form params:	<none>
Path params:	<none>
Headers:		Accept=*/*
				Content-Type=text/plain; charset=ISO-8859-1
Cookies:		<none>
Multiparts:		<none>
Body:
{"description":"Test","public":false}
Request method:	PUT
Request URI:	https://api.spotify.com/v1/users/rodrigo1.fontan/playlists/6nEOpqKuXt63G8ZggGypcU
Proxy:			<none>
Request params:	<none>
Query params:	<none>
Form params:	<none>
Path params:	<none>
Headers:		Accept=*/*
				Content-Type=text/plain; charset=ISO-8859-1
Cookies:		<none>
Multiparts:		<none>
Body:
{"description":"Updated Test","name":"Updated New Playlist","public":false}
Request method:	POST
Request URI:	https://api.spotify.com/v1/users/rodrigo1.fontan/playlists
Proxy:			<none>
Request params:	<none>
Query params:	<none>
Form params:	<none>
Path params:	<none>
Headers:		Accept=*/*
				Content-Type=text/plain; charset=ISO-8859-1
Cookies:		<none>
Multiparts:		<none>
Body:
{"description":"Test","name":"New Playlist","public":false}
HTTP/1.1 400 Bad Request
content-type: application/json; charset=utf-8
cache-control: private, max-age=0
x-robots-tag: noindex, nofollow
access-control-allow-origin: *
access-control-allow-headers: Accept, App-Platform, Authorization, Content-Type, Origin, Retry-After, Spotify-App-Version, X-Cloud-Trace-Context, client-token, content-access-token
access-control-allow-methods: GET, POST, OPTIONS, PUT, DELETE, PATCH
access-control-allow-credentials: true
access-control-max-age: 604800
content-encoding: gzip
strict-transport-security: max-age=31536000
x-content-type-options: nosniff
date: Tue, 31 May 2022 21:57:46 GMT
server: envoy
Via: HTTP/2 edgeproxy, 1.1 google
Alt-Svc: h3=":443"; ma=2592000,h3-29=":443"; ma=2592000
Transfer-Encoding: chunked

{
    "error": {
        "status": 400,
        "message": "Missing required field: name"
    }
}
]]></system-out>
  </testcase>
  <testcase name="ShouldBeAbleToUpdatePlaylist" classname="spotify.PlaylistTests" time="2.866">
    <system-out><![CDATA[HTTP/1.1 200 OK
cache-control: private, max-age=0
x-robots-tag: noindex, nofollow
access-control-allow-origin: *
access-control-allow-headers: Accept, App-Platform, Authorization, Content-Type, Origin, Retry-After, Spotify-App-Version, X-Cloud-Trace-Context, client-token, content-access-token
access-control-allow-methods: GET, POST, OPTIONS, PUT, DELETE, PATCH
access-control-allow-credentials: true
access-control-max-age: 604800
Content-Length: 0
strict-transport-security: max-age=31536000
x-content-type-options: nosniff
date: Tue, 31 May 2022 21:57:46 GMT
server: envoy
Via: HTTP/2 edgeproxy, 1.1 google
Alt-Svc: h3=":443"; ma=2592000,h3-29=":443"; ma=2592000
]]></system-out>
  </testcase>
  <testcase name="ShouldBeAbleToGetPlayList" classname="spotify.PlaylistTests" time="2.887">
    <system-out><![CDATA[HTTP/1.1 200 OK
content-type: application/json; charset=utf-8
cache-control: public, max-age=0
etag: "MC-IjkxY2NjNGM3NjBmZDA2ZGUwNDkyYmNkMTY2YmQ4NDM4Ig=="
x-robots-tag: noindex, nofollow
access-control-allow-origin: *
access-control-allow-headers: Accept, App-Platform, Authorization, Content-Type, Origin, Retry-After, Spotify-App-Version, X-Cloud-Trace-Context, client-token, content-access-token
access-control-allow-methods: GET, POST, OPTIONS, PUT, DELETE, PATCH
access-control-allow-credentials: true
access-control-max-age: 604800
content-encoding: gzip
strict-transport-security: max-age=31536000
x-content-type-options: nosniff
date: Tue, 31 May 2022 21:57:46 GMT
server: envoy
Via: HTTP/2 edgeproxy, 1.1 google
Alt-Svc: h3=":443"; ma=2592000,h3-29=":443"; ma=2592000
Transfer-Encoding: chunked

{
    "collaborative": false,
    "description": "Updated Test",
    "external_urls": {
        "spotify": "https://open.spotify.com/playlist/6nEOpqKuXt63G8ZggGypcU"
    },
    "followers": {
        "href": null,
        "total": 0
    },
    "href": "https://api.spotify.com/v1/playlists/6nEOpqKuXt63G8ZggGypcU",
    "id": "6nEOpqKuXt63G8ZggGypcU",
    "images": [
        
    ],
    "name": "Updated New Playlist",
    "owner": {
        "display_name": "rodrigo1.fontan",
        "external_urls": {
            "spotify": "https://open.spotify.com/user/rodrigo1.fontan"
        },
        "href": "https://api.spotify.com/v1/users/rodrigo1.fontan",
        "id": "rodrigo1.fontan",
        "type": "user",
        "uri": "spotify:user:rodrigo1.fontan"
    },
    "primary_color": null,
    "public": false,
    "snapshot_id": "MTQsOGY0ZjRmNTA2MTRlMWVkMWI5ZjUwMWQzYTczMTViYjRmZTRiNjgxZA==",
    "tracks": {
        "href": "https://api.spotify.com/v1/playlists/6nEOpqKuXt63G8ZggGypcU/tracks?offset=0&limit=100",
        "items": [
            
        ],
        "limit": 100,
        "next": null,
        "offset": 0,
        "previous": null,
        "total": 0
    },
    "type": "playlist",
    "uri": "spotify:playlist:6nEOpqKuXt63G8ZggGypcU"
}
]]></system-out>
  </testcase>
  <testcase name="ShouldBeAbleToCreatePlaylist" classname="spotify.PlaylistTests" time="2.928">
    <system-out><![CDATA[HTTP/1.1 201 Created
content-type: application/json; charset=utf-8
cache-control: private, max-age=0
location: https://api.spotify.com/v1/playlists/3ZpNroyGzTsYcQCp9IXiFR
x-robots-tag: noindex, nofollow
access-control-allow-origin: *
access-control-allow-headers: Accept, App-Platform, Authorization, Content-Type, Origin, Retry-After, Spotify-App-Version, X-Cloud-Trace-Context, client-token, content-access-token
access-control-allow-methods: GET, POST, OPTIONS, PUT, DELETE, PATCH
access-control-allow-credentials: true
access-control-max-age: 604800
content-encoding: gzip
strict-transport-security: max-age=31536000
x-content-type-options: nosniff
date: Tue, 31 May 2022 21:57:46 GMT
server: envoy
Via: HTTP/2 edgeproxy, 1.1 google
Alt-Svc: h3=":443"; ma=2592000,h3-29=":443"; ma=2592000
Transfer-Encoding: chunked

{
    "collaborative": false,
    "description": "Test",
    "external_urls": {
        "spotify": "https://open.spotify.com/playlist/3ZpNroyGzTsYcQCp9IXiFR"
    },
    "followers": {
        "href": null,
        "total": 0
    },
    "href": "https://api.spotify.com/v1/playlists/3ZpNroyGzTsYcQCp9IXiFR",
    "id": "3ZpNroyGzTsYcQCp9IXiFR",
    "images": [
        
    ],
    "name": "New Playlist",
    "owner": {
        "display_name": "rodrigo1.fontan",
        "external_urls": {
            "spotify": "https://open.spotify.com/user/rodrigo1.fontan"
        },
        "href": "https://api.spotify.com/v1/users/rodrigo1.fontan",
        "id": "rodrigo1.fontan",
        "type": "user",
        "uri": "spotify:user:rodrigo1.fontan"
    },
    "primary_color": null,
    "public": false,
    "snapshot_id": "MSxmZmYwMjRjYzVlNTU3Y2FkMzRmMzBjOTVkYjNiNDExMWE1ZDY1Nzk2",
    "tracks": {
        "href": "https://api.spotify.com/v1/playlists/3ZpNroyGzTsYcQCp9IXiFR/tracks",
        "items": [
            
        ],
        "limit": 100,
        "next": null,
        "offset": 0,
        "previous": null,
        "total": 0
    },
    "type": "playlist",
    "uri": "spotify:playlist:3ZpNroyGzTsYcQCp9IXiFR"
}
]]></system-out>
  </testcase>
</testsuite>